<?xml version="1.0" encoding="UTF-8"?>
<!-- Generated by org.testng.reporters.JUnitReportReporter -->
<testsuite hostname="WS075" name="example.NewTest" tests="1" failures="0" timestamp="13 Oct 2020 08:20:21 GMT" time="2.892" errors="0">
  <testcase name="testEasy" time="2.892" classname="example.NewTest"/>
</testsuite> <!-- example.NewTest -->
