<?xml version="1.0" encoding="UTF-8"?>
<!-- Generated by org.testng.reporters.JUnitReportReporter -->
<testsuite hostname="WS075" name="example.Main" tests="2" failures="0" timestamp="15 Oct 2020 07:22:54 GMT" time="2.768" errors="0">
  <testcase name="testDataProvider" time="1.861" classname="example.Main"/>
  <testcase name="testDataProvider" time="0.907" classname="example.Main"/>
</testsuite> <!-- example.Main -->
