<?xml version="1.0" encoding="UTF-8"?>
<!-- Generated by org.testng.reporters.JUnitReportReporter -->
<testsuite hostname="WS075" name="example.Main" tests="1" failures="0" timestamp="14 Oct 2020 05:41:11 GMT" time="10.558" errors="0">
  <testcase name="mainCase" time="10.558" classname="example.Main"/>
</testsuite> <!-- example.Main -->
