<?xml version="1.0" encoding="UTF-8"?>
<!-- Generated by org.testng.reporters.JUnitReportReporter -->
<testsuite hostname="WS075" name="example.Main" tests="1" failures="0" timestamp="15 Oct 2020 05:32:06 GMT" time="11.813" errors="0">
  <testcase name="mainCase" time="11.813" classname="example.Main"/>
</testsuite> <!-- example.Main -->
